[20-Jan-2018 02:02:08 America/New_York] Uncaught PHP Exception InvalidArgumentException: "Missing required properties for an EntityDisplay entity." at /home/bck/public_html/core/lib/Drupal/Core/Entity/EntityDisplayBase.php line 122
[20-Jan-2018 02:02:20 America/New_York] Uncaught PHP Exception InvalidArgumentException: "Missing required properties for an EntityDisplay entity." at /home/bck/public_html/core/lib/Drupal/Core/Entity/EntityDisplayBase.php line 122
[20-Jan-2018 02:02:30 America/New_York] Uncaught PHP Exception InvalidArgumentException: "Missing required properties for an EntityDisplay entity." at /home/bck/public_html/core/lib/Drupal/Core/Entity/EntityDisplayBase.php line 122
[20-Jan-2018 02:02:43 America/New_York] Uncaught PHP Exception InvalidArgumentException: "Missing required properties for an EntityDisplay entity." at /home/bck/public_html/core/lib/Drupal/Core/Entity/EntityDisplayBase.php line 122
[20-Jan-2018 02:03:19 America/New_York] Uncaught PHP Exception InvalidArgumentException: "Missing required properties for an EntityDisplay entity." at /home/bck/public_html/core/lib/Drupal/Core/Entity/EntityDisplayBase.php line 122
[20-Jan-2018 02:03:39 America/New_York] Uncaught PHP Exception InvalidArgumentException: "Missing required properties for an EntityDisplay entity." at /home/bck/public_html/core/lib/Drupal/Core/Entity/EntityDisplayBase.php line 122
[20-Jan-2018 02:03:45 America/New_York] Uncaught PHP Exception InvalidArgumentException: "Missing required properties for an EntityDisplay entity." at /home/bck/public_html/core/lib/Drupal/Core/Entity/EntityDisplayBase.php line 122
[20-Jan-2018 02:03:51 America/New_York] Uncaught PHP Exception InvalidArgumentException: "Missing required properties for an EntityDisplay entity." at /home/bck/public_html/core/lib/Drupal/Core/Entity/EntityDisplayBase.php line 122
[20-Jan-2018 02:04:04 America/New_York] Uncaught PHP Exception InvalidArgumentException: "Missing required properties for an EntityDisplay entity." at /home/bck/public_html/core/lib/Drupal/Core/Entity/EntityDisplayBase.php line 122
[20-Jan-2018 02:04:10 America/New_York] Uncaught PHP Exception InvalidArgumentException: "Missing required properties for an EntityDisplay entity." at /home/bck/public_html/core/lib/Drupal/Core/Entity/EntityDisplayBase.php line 122
[20-Jan-2018 02:05:50 America/New_York] Uncaught PHP Exception InvalidArgumentException: "Missing required properties for an EntityDisplay entity." at /home/bck/public_html/core/lib/Drupal/Core/Entity/EntityDisplayBase.php line 122
[20-Jan-2018 02:06:14 America/New_York] Uncaught PHP Exception InvalidArgumentException: "Missing required properties for an EntityDisplay entity." at /home/bck/public_html/core/lib/Drupal/Core/Entity/EntityDisplayBase.php line 122
[20-Jan-2018 02:06:19 America/New_York] Uncaught PHP Exception InvalidArgumentException: "Missing required properties for an EntityDisplay entity." at /home/bck/public_html/core/lib/Drupal/Core/Entity/EntityDisplayBase.php line 122
[20-Jan-2018 02:06:29 America/New_York] Uncaught PHP Exception InvalidArgumentException: "Missing required properties for an EntityDisplay entity." at /home/bck/public_html/core/lib/Drupal/Core/Entity/EntityDisplayBase.php line 122
[20-Jan-2018 02:06:36 America/New_York] Uncaught PHP Exception InvalidArgumentException: "Missing required properties for an EntityDisplay entity." at /home/bck/public_html/core/lib/Drupal/Core/Entity/EntityDisplayBase.php line 122
[20-Jan-2018 02:07:21 America/New_York] Uncaught PHP Exception InvalidArgumentException: "Missing required properties for an EntityDisplay entity." at /home/bck/public_html/core/lib/Drupal/Core/Entity/EntityDisplayBase.php line 122
[20-Jan-2018 02:07:29 America/New_York] Uncaught PHP Exception InvalidArgumentException: "Missing required properties for an EntityDisplay entity." at /home/bck/public_html/core/lib/Drupal/Core/Entity/EntityDisplayBase.php line 122
[20-Jan-2018 02:07:40 America/New_York] Uncaught PHP Exception InvalidArgumentException: "Missing required properties for an EntityDisplay entity." at /home/bck/public_html/core/lib/Drupal/Core/Entity/EntityDisplayBase.php line 122
[20-Jan-2018 02:07:51 America/New_York] Uncaught PHP Exception InvalidArgumentException: "Missing required properties for an EntityDisplay entity." at /home/bck/public_html/core/lib/Drupal/Core/Entity/EntityDisplayBase.php line 122
[20-Jan-2018 02:07:55 America/New_York] Uncaught PHP Exception InvalidArgumentException: "Missing required properties for an EntityDisplay entity." at /home/bck/public_html/core/lib/Drupal/Core/Entity/EntityDisplayBase.php line 122
[20-Jan-2018 02:08:02 America/New_York] Uncaught PHP Exception InvalidArgumentException: "Missing required properties for an EntityDisplay entity." at /home/bck/public_html/core/lib/Drupal/Core/Entity/EntityDisplayBase.php line 122
[20-Jan-2018 02:08:07 America/New_York] Uncaught PHP Exception InvalidArgumentException: "Missing required properties for an EntityDisplay entity." at /home/bck/public_html/core/lib/Drupal/Core/Entity/EntityDisplayBase.php line 122
[20-Jan-2018 02:10:18 America/New_York] Uncaught PHP Exception InvalidArgumentException: "Missing required properties for an EntityDisplay entity." at /home/bck/public_html/core/lib/Drupal/Core/Entity/EntityDisplayBase.php line 122
[20-Jan-2018 02:10:26 America/New_York] Uncaught PHP Exception InvalidArgumentException: "Missing required properties for an EntityDisplay entity." at /home/bck/public_html/core/lib/Drupal/Core/Entity/EntityDisplayBase.php line 122
[20-Jan-2018 02:10:36 America/New_York] Uncaught PHP Exception InvalidArgumentException: "Missing required properties for an EntityDisplay entity." at /home/bck/public_html/core/lib/Drupal/Core/Entity/EntityDisplayBase.php line 122
[20-Jan-2018 02:10:40 America/New_York] Uncaught PHP Exception InvalidArgumentException: "Missing required properties for an EntityDisplay entity." at /home/bck/public_html/core/lib/Drupal/Core/Entity/EntityDisplayBase.php line 122
[20-Jan-2018 02:10:54 America/New_York] Uncaught PHP Exception InvalidArgumentException: "Missing required properties for an EntityDisplay entity." at /home/bck/public_html/core/lib/Drupal/Core/Entity/EntityDisplayBase.php line 122
[20-Jan-2018 02:10:58 America/New_York] Uncaught PHP Exception InvalidArgumentException: "Missing required properties for an EntityDisplay entity." at /home/bck/public_html/core/lib/Drupal/Core/Entity/EntityDisplayBase.php line 122
[20-Jan-2018 02:31:13 America/New_York] Uncaught PHP Exception InvalidArgumentException: "Missing required properties for an EntityDisplay entity." at /home/bck/public_html/core/lib/Drupal/Core/Entity/EntityDisplayBase.php line 122
[20-Jan-2018 02:31:25 America/New_York] Uncaught PHP Exception InvalidArgumentException: "Missing required properties for an EntityDisplay entity." at /home/bck/public_html/core/lib/Drupal/Core/Entity/EntityDisplayBase.php line 122
[20-Jan-2018 02:31:35 America/New_York] Uncaught PHP Exception InvalidArgumentException: "Missing required properties for an EntityDisplay entity." at /home/bck/public_html/core/lib/Drupal/Core/Entity/EntityDisplayBase.php line 122
[20-Jan-2018 02:31:40 America/New_York] Uncaught PHP Exception InvalidArgumentException: "Missing required properties for an EntityDisplay entity." at /home/bck/public_html/core/lib/Drupal/Core/Entity/EntityDisplayBase.php line 122
[20-Jan-2018 02:32:01 America/New_York] Uncaught PHP Exception InvalidArgumentException: "Missing required properties for an EntityDisplay entity." at /home/bck/public_html/core/lib/Drupal/Core/Entity/EntityDisplayBase.php line 122
[20-Jan-2018 02:32:05 America/New_York] Uncaught PHP Exception InvalidArgumentException: "Missing required properties for an EntityDisplay entity." at /home/bck/public_html/core/lib/Drupal/Core/Entity/EntityDisplayBase.php line 122
[09-Feb-2018 07:58:08 America/New_York] PHP Parse error:  syntax error, unexpected '"' target='_blank'>@"' (T_CONSTANT_ENCAPSED_STRING) in /home/bck/public_html/modules/php/php.module(81) : eval()'d code on line 25
[09-Feb-2018 07:58:08 America/New_York] PHP Parse error:  syntax error, unexpected '"' target='_blank'>@"' (T_CONSTANT_ENCAPSED_STRING) in /home/bck/public_html/modules/php/php.module(81) : eval()'d code on line 25
[09-Feb-2018 08:48:15 America/New_York] PHP Parse error:  syntax error, unexpected '"' target='_blank'>@"' (T_CONSTANT_ENCAPSED_STRING) in /home/bck/public_html/modules/php/php.module(81) : eval()'d code on line 25
[09-Feb-2018 08:48:15 America/New_York] PHP Parse error:  syntax error, unexpected '"' target='_blank'>@"' (T_CONSTANT_ENCAPSED_STRING) in /home/bck/public_html/modules/php/php.module(81) : eval()'d code on line 25
[21-Feb-2018 06:45:50 America/New_York] PHP Fatal error:  Call to a member function buildUrl() on null in /home/bck/public_html/modules/inline_responsive_images/inline_responsive_images.module on line 215
[21-Feb-2018 06:45:59 America/New_York] PHP Fatal error:  Call to a member function buildUrl() on null in /home/bck/public_html/modules/inline_responsive_images/inline_responsive_images.module on line 215
[21-Feb-2018 06:46:32 America/New_York] PHP Fatal error:  Call to a member function buildUrl() on null in /home/bck/public_html/modules/inline_responsive_images/inline_responsive_images.module on line 215
[21-Feb-2018 06:46:38 America/New_York] PHP Fatal error:  Call to a member function buildUrl() on null in /home/bck/public_html/modules/inline_responsive_images/inline_responsive_images.module on line 215
[21-Feb-2018 06:46:39 America/New_York] PHP Fatal error:  Call to a member function buildUrl() on null in /home/bck/public_html/modules/inline_responsive_images/inline_responsive_images.module on line 215
[21-Feb-2018 06:47:00 America/New_York] PHP Fatal error:  Call to a member function buildUrl() on null in /home/bck/public_html/modules/inline_responsive_images/inline_responsive_images.module on line 215
[21-Feb-2018 06:47:05 America/New_York] PHP Fatal error:  Call to a member function buildUrl() on null in /home/bck/public_html/modules/inline_responsive_images/inline_responsive_images.module on line 215
[21-Feb-2018 06:47:15 America/New_York] PHP Fatal error:  Call to a member function buildUrl() on null in /home/bck/public_html/modules/inline_responsive_images/inline_responsive_images.module on line 215
[21-Feb-2018 06:47:32 America/New_York] PHP Fatal error:  Call to a member function buildUrl() on null in /home/bck/public_html/modules/inline_responsive_images/inline_responsive_images.module on line 215
